1521168520621	geckodriver	INFO	geckodriver 0.19.1
1521168520637	geckodriver	INFO	Listening on 127.0.0.1:41120
1521168523877	mozrunner::runner	INFO	Running command: "C:\\Program Files\\Mozilla Firefox\\firefox.exe" "-marionette" "-profile" "C:\\Users\\MSIGT6~1\\AppData\\Local\\Temp\\rust_mozprofile.XRzJSJwkjYDK"
1521168525951	addons.xpi	WARN	Error parsing extensions state: [Exception... "Component returned failure code: 0x80520012 (NS_ERROR_FILE_NOT_FOUND) [amIAddonManagerStartup.readStartupData]"  nsresult: "0x80520012 (NS_ERROR_FILE_NOT_FOUND)"  location: "JS frame :: resource://gre/modules/addons/XPIProvider.jsm :: loadExtensionState :: line 1554"  data: no] Stack trace: loadExtensionState()@resource://gre/modules/addons/XPIProvider.jsm:1554 < getInstallState()@resource://gre/modules/addons/XPIProvider.jsm:1589 < checkForChanges()@resource://gre/modules/addons/XPIProvider.jsm:3109 < startup()@resource://gre/modules/addons/XPIProvider.jsm:2188 < callProvider()@resource://gre/modules/AddonManager.jsm:269 < _startProvider()@resource://gre/modules/AddonManager.jsm:739 < startup()@resource://gre/modules/AddonManager.jsm:906 < startup()@resource://gre/modules/AddonManager.jsm:3090 < observe()@jar:file:///C:/Program%20Files/Mozilla%20Firefox/omni.ja!/components/addonManager.js:65
Unable to read VR Path Registry from C:\Users\MSI GT60\AppData\Local\openvr\openvrpaths.vrpath
1521168527896	Marionette	INFO	Enabled via --marionette
Unable to read VR Path Registry from C:\Users\MSI GT60\AppData\Local\openvr\openvrpaths.vrpath
Unable to read VR Path Registry from C:\Users\MSI GT60\AppData\Local\openvr\openvrpaths.vrpath

###!!! [Child][MessageChannel] Error: (msgtype=0x2400FC,name=PContent::Msg_AsyncMessage) Channel closing: too late to send/recv, messages will be lost

JavaScript error: jar:file:///C:/Program%20Files/Mozilla%20Firefox/omni.ja!/components/extension-process-script.js, line 339: NS_ERROR_UNEXPECTED: Component returned failure code: 0x8000ffff (NS_ERROR_UNEXPECTED) [nsIMessageSender.sendAsyncMessage]
Unable to read VR Path Registry from C:\Users\MSI GT60\AppData\Local\openvr\openvrpaths.vrpath
1521168531068	Marionette	INFO	Listening on port 41143
Unable to read VR Path Registry from C:\Users\MSI GT60\AppData\Local\openvr\openvrpaths.vrpath
1521168532002	Marionette	WARN	TLS certificate errors will be ignored for this session
1521168532090	Marionette	DEBUG	Register listener.js for window 4294967297
1521168532209	Marionette	DEBUG	Received DOM event "beforeunload" for "about:blank"
1521168532621	Marionette	DEBUG	Received DOM event "pagehide" for "about:blank"
1521168532622	Marionette	DEBUG	Received DOM event "unload" for "about:blank"
JavaScript error: http://s1.bdstatic.com/r/www/cache/static/plugins/every_cookie_4644b13.js, line 4: ReferenceError: c is not defined
1521168534465	Marionette	DEBUG	Received DOM event "DOMContentLoaded" for "http://www.baidu.com/"
1521168534743	Marionette	DEBUG	Received DOM event "pageshow" for "http://www.baidu.com/"
1521168535564	Marionette	DEBUG	Canceled page load listener because no navigation has been detected
1521168537574	Marionette	INFO	New connections will no longer be accepted
[Child 11348] WARNING: pipe error: 109: file z:/build/build/src/ipc/chromium/src/chrome/common/ipc_channel_win.cc, line 346
[Child 11348] WARNING: pipe error: 109: file z:/build/build/src/ipc/chromium/src/chrome/common/ipc_channel_win.cc, line 346
1521169044568	geckodriver	INFO	geckodriver 0.19.1
1521169044589	geckodriver	INFO	Listening on 127.0.0.1:42371
1521169047693	mozrunner::runner	INFO	Running command: "C:\\Program Files\\Mozilla Firefox\\firefox.exe" "-marionette" "-profile" "C:\\Users\\MSIGT6~1\\AppData\\Local\\Temp\\rust_mozprofile.3ZCqTQ3VyZaP"
1521169050251	addons.xpi	WARN	Error parsing extensions state: [Exception... "Component returned failure code: 0x80520012 (NS_ERROR_FILE_NOT_FOUND) [amIAddonManagerStartup.readStartupData]"  nsresult: "0x80520012 (NS_ERROR_FILE_NOT_FOUND)"  location: "JS frame :: resource://gre/modules/addons/XPIProvider.jsm :: loadExtensionState :: line 1554"  data: no] Stack trace: loadExtensionState()@resource://gre/modules/addons/XPIProvider.jsm:1554 < getInstallState()@resource://gre/modules/addons/XPIProvider.jsm:1589 < checkForChanges()@resource://gre/modules/addons/XPIProvider.jsm:3109 < startup()@resource://gre/modules/addons/XPIProvider.jsm:2188 < callProvider()@resource://gre/modules/AddonManager.jsm:269 < _startProvider()@resource://gre/modules/AddonManager.jsm:739 < startup()@resource://gre/modules/AddonManager.jsm:906 < startup()@resource://gre/modules/AddonManager.jsm:3090 < observe()@jar:file:///C:/Program%20Files/Mozilla%20Firefox/omni.ja!/components/addonManager.js:65
Unable to read VR Path Registry from C:\Users\MSI GT60\AppData\Local\openvr\openvrpaths.vrpath
1521169052061	Marionette	INFO	Enabled via --marionette
Unable to read VR Path Registry from C:\Users\MSI GT60\AppData\Local\openvr\openvrpaths.vrpath
Unable to read VR Path Registry from C:\Users\MSI GT60\AppData\Local\openvr\openvrpaths.vrpath
Unable to read VR Path Registry from C:\Users\MSI GT60\AppData\Local\openvr\openvrpaths.vrpath
1521169054732	Marionette	INFO	Listening on port 42401
Unable to read VR Path Registry from C:\Users\MSI GT60\AppData\Local\openvr\openvrpaths.vrpath
1521169055318	Marionette	WARN	TLS certificate errors will be ignored for this session
1521169055387	Marionette	DEBUG	Register listener.js for window 4294967297
1521169055438	Marionette	DEBUG	Received DOM event "beforeunload" for "about:blank"
1521169055757	Marionette	DEBUG	Received DOM event "pagehide" for "about:blank"
1521169055757	Marionette	DEBUG	Received DOM event "unload" for "about:blank"
JavaScript error: http://s1.bdstatic.com/r/www/cache/static/plugins/every_cookie_4644b13.js, line 4: ReferenceError: c is not defined
1521169057332	Marionette	DEBUG	Received DOM event "DOMContentLoaded" for "http://www.baidu.com/"
1521169057658	Marionette	DEBUG	Received DOM event "pageshow" for "http://www.baidu.com/"
1521169058614	Marionette	DEBUG	Canceled page load listener because no navigation has been detected
1521169060638	Marionette	INFO	New connections will no longer be accepted
[Child 10764] WARNING: pipe error: 109: file z:/build/build/src/ipc/chromium/src/chrome/common/ipc_channel_win.cc, line 346
[Child 10764] WARNING: pipe error: 109: file z:/build/build/src/ipc/chromium/src/chrome/common/ipc_channel_win.cc, line 346
1521169143895	geckodriver	INFO	geckodriver 0.19.1
1521169143909	geckodriver	INFO	Listening on 127.0.0.1:42819
1521169146994	mozrunner::runner	INFO	Running command: "C:\\Program Files\\Mozilla Firefox\\firefox.exe" "-marionette" "-profile" "C:\\Users\\MSIGT6~1\\AppData\\Local\\Temp\\rust_mozprofile.REcmiySXRjUg"
1521169148786	addons.xpi	WARN	Error parsing extensions state: [Exception... "Component returned failure code: 0x80520012 (NS_ERROR_FILE_NOT_FOUND) [amIAddonManagerStartup.readStartupData]"  nsresult: "0x80520012 (NS_ERROR_FILE_NOT_FOUND)"  location: "JS frame :: resource://gre/modules/addons/XPIProvider.jsm :: loadExtensionState :: line 1554"  data: no] Stack trace: loadExtensionState()@resource://gre/modules/addons/XPIProvider.jsm:1554 < getInstallState()@resource://gre/modules/addons/XPIProvider.jsm:1589 < checkForChanges()@resource://gre/modules/addons/XPIProvider.jsm:3109 < startup()@resource://gre/modules/addons/XPIProvider.jsm:2188 < callProvider()@resource://gre/modules/AddonManager.jsm:269 < _startProvider()@resource://gre/modules/AddonManager.jsm:739 < startup()@resource://gre/modules/AddonManager.jsm:906 < startup()@resource://gre/modules/AddonManager.jsm:3090 < observe()@jar:file:///C:/Program%20Files/Mozilla%20Firefox/omni.ja!/components/addonManager.js:65
Unable to read VR Path Registry from C:\Users\MSI GT60\AppData\Local\openvr\openvrpaths.vrpath
1521169149981	Marionette	INFO	Enabled via --marionette
Unable to read VR Path Registry from C:\Users\MSI GT60\AppData\Local\openvr\openvrpaths.vrpath
Unable to read VR Path Registry from C:\Users\MSI GT60\AppData\Local\openvr\openvrpaths.vrpath
Unable to read VR Path Registry from C:\Users\MSI GT60\AppData\Local\openvr\openvrpaths.vrpath
[Child 7452] WARNING: pipe error: 109: file z:/build/build/src/ipc/chromium/src/chrome/common/ipc_channel_win.cc, line 346
1521169152813	Marionette	INFO	Listening on port 42846
1521169152894	Marionette	WARN	TLS certificate errors will be ignored for this session
Unable to read VR Path Registry from C:\Users\MSI GT60\AppData\Local\openvr\openvrpaths.vrpath
1521169152962	Marionette	DEBUG	Register listener.js for window 4294967297
1521169153064	Marionette	DEBUG	Received DOM event "beforeunload" for "about:blank"
1521169153380	Marionette	DEBUG	Received DOM event "pagehide" for "about:blank"
1521169153381	Marionette	DEBUG	Received DOM event "unload" for "about:blank"
JavaScript error: http://s1.bdstatic.com/r/www/cache/static/plugins/every_cookie_4644b13.js, line 4: ReferenceError: c is not defined
1521169154968	Marionette	DEBUG	Received DOM event "DOMContentLoaded" for "http://www.baidu.com/"
1521169155243	Marionette	DEBUG	Received DOM event "pageshow" for "http://www.baidu.com/"
JavaScript error: http://suggestion.baidu.com/su?wd=pytho&json=1&p=3&sid=1444_13550_21120_17001_20928&req=2&csor=5&pwd=pyth&cb=jQuery1102016526254770599125_1521169154153&_=1521169154158, line 1: TypeError: jQuery1102016526254770599125_1521169154153 is not a function
1521169156042	Marionette	DEBUG	Canceled page load listener because no navigation has been detected
1521169158049	Marionette	INFO	New connections will no longer be accepted
1521169300308	geckodriver	INFO	geckodriver 0.19.1
1521169300325	geckodriver	INFO	Listening on 127.0.0.1:43282
1521169303380	mozrunner::runner	INFO	Running command: "C:\\Program Files\\Mozilla Firefox\\firefox.exe" "-marionette" "-profile" "C:\\Users\\MSIGT6~1\\AppData\\Local\\Temp\\rust_mozprofile.IYdHWhfcC9Hh"
1521169305000	addons.xpi	WARN	Error parsing extensions state: [Exception... "Component returned failure code: 0x80520012 (NS_ERROR_FILE_NOT_FOUND) [amIAddonManagerStartup.readStartupData]"  nsresult: "0x80520012 (NS_ERROR_FILE_NOT_FOUND)"  location: "JS frame :: resource://gre/modules/addons/XPIProvider.jsm :: loadExtensionState :: line 1554"  data: no] Stack trace: loadExtensionState()@resource://gre/modules/addons/XPIProvider.jsm:1554 < getInstallState()@resource://gre/modules/addons/XPIProvider.jsm:1589 < checkForChanges()@resource://gre/modules/addons/XPIProvider.jsm:3109 < startup()@resource://gre/modules/addons/XPIProvider.jsm:2188 < callProvider()@resource://gre/modules/AddonManager.jsm:269 < _startProvider()@resource://gre/modules/AddonManager.jsm:739 < startup()@resource://gre/modules/AddonManager.jsm:906 < startup()@resource://gre/modules/AddonManager.jsm:3090 < observe()@jar:file:///C:/Program%20Files/Mozilla%20Firefox/omni.ja!/components/addonManager.js:65
Unable to read VR Path Registry from C:\Users\MSI GT60\AppData\Local\openvr\openvrpaths.vrpath
1521169305844	Marionette	INFO	Enabled via --marionette
Unable to read VR Path Registry from C:\Users\MSI GT60\AppData\Local\openvr\openvrpaths.vrpath
Unable to read VR Path Registry from C:\Users\MSI GT60\AppData\Local\openvr\openvrpaths.vrpath
Unable to read VR Path Registry from C:\Users\MSI GT60\AppData\Local\openvr\openvrpaths.vrpath
Unable to read VR Path Registry from C:\Users\MSI GT60\AppData\Local\openvr\openvrpaths.vrpath
1521169308488	Marionette	INFO	Listening on port 43310
1521169308780	Marionette	WARN	TLS certificate errors will be ignored for this session
1521169308853	Marionette	DEBUG	Register listener.js for window 4294967297
1521169308918	Marionette	DEBUG	Received DOM event "beforeunload" for "about:blank"
1521169309232	Marionette	DEBUG	Received DOM event "pagehide" for "about:blank"
1521169309233	Marionette	DEBUG	Received DOM event "unload" for "about:blank"
JavaScript error: http://s1.bdstatic.com/r/www/cache/static/plugins/every_cookie_4644b13.js, line 4: ReferenceError: c is not defined
1521169311704	Marionette	DEBUG	Received DOM event "DOMContentLoaded" for "http://www.baidu.com/"
1521169312109	Marionette	DEBUG	Received DOM event "pageshow" for "http://www.baidu.com/"
1521169312862	Marionette	DEBUG	Canceled page load listener because no navigation has been detected
1521169314874	Marionette	INFO	New connections will no longer be accepted
1521169406265	geckodriver	INFO	geckodriver 0.19.1
1521169406279	geckodriver	INFO	Listening on 127.0.0.1:43639
1521169409386	mozrunner::runner	INFO	Running command: "C:\\Program Files\\Mozilla Firefox\\firefox.exe" "-marionette" "-profile" "C:\\Users\\MSIGT6~1\\AppData\\Local\\Temp\\rust_mozprofile.mk6cwaKa3Gxj"
1521169410892	addons.xpi	WARN	Error parsing extensions state: [Exception... "Component returned failure code: 0x80520012 (NS_ERROR_FILE_NOT_FOUND) [amIAddonManagerStartup.readStartupData]"  nsresult: "0x80520012 (NS_ERROR_FILE_NOT_FOUND)"  location: "JS frame :: resource://gre/modules/addons/XPIProvider.jsm :: loadExtensionState :: line 1554"  data: no] Stack trace: loadExtensionState()@resource://gre/modules/addons/XPIProvider.jsm:1554 < getInstallState()@resource://gre/modules/addons/XPIProvider.jsm:1589 < checkForChanges()@resource://gre/modules/addons/XPIProvider.jsm:3109 < startup()@resource://gre/modules/addons/XPIProvider.jsm:2188 < callProvider()@resource://gre/modules/AddonManager.jsm:269 < _startProvider()@resource://gre/modules/AddonManager.jsm:739 < startup()@resource://gre/modules/AddonManager.jsm:906 < startup()@resource://gre/modules/AddonManager.jsm:3090 < observe()@jar:file:///C:/Program%20Files/Mozilla%20Firefox/omni.ja!/components/addonManager.js:65
Unable to read VR Path Registry from C:\Users\MSI GT60\AppData\Local\openvr\openvrpaths.vrpath
1521169411759	Marionette	INFO	Enabled via --marionette
Unable to read VR Path Registry from C:\Users\MSI GT60\AppData\Local\openvr\openvrpaths.vrpath
Unable to read VR Path Registry from C:\Users\MSI GT60\AppData\Local\openvr\openvrpaths.vrpath
Unable to read VR Path Registry from C:\Users\MSI GT60\AppData\Local\openvr\openvrpaths.vrpath
[Parent 15092] WARNING: pipe error: 109: file z:/build/build/src/ipc/chromium/src/chrome/common/ipc_channel_win.cc, line 346
[Child 13824] WARNING: pipe error: 109: file z:/build/build/src/ipc/chromium/src/chrome/common/ipc_channel_win.cc, line 346
[Child 13824] WARNING: pip1521169414332	Marionette	INFO	Listening on port 43660
Unable to read VR Path Registry from C:\Users\MSI GT60\AppData\Local\openvr\openvrpaths.vrpath
1521169414754	Marionette	WARN	TLS certificate errors will be ignored for this session
1521169414805	Marionette	DEBUG	Register listener.js for window 4294967297
1521169414837	Marionette	DEBUG	Received DOM event "beforeunload" for "about:blank"
1521169415216	Marionette	DEBUG	Received DOM event "pagehide" for "about:blank"
1521169415217	Marionette	DEBUG	Received DOM event "unload" for "about:blank"
JavaScript error: http://s1.bdstatic.com/r/www/cache/static/plugins/every_cookie_4644b13.js, line 4: ReferenceError: c is not defined
1521169416983	Marionette	DEBUG	Received DOM event "DOMContentLoaded" for "http://www.baidu.com/"
1521169417283	Marionette	DEBUG	Received DOM event "pageshow" for "http://www.baidu.com/"
1521169417993	Marionette	DEBUG	Canceled page load listener because no navigation has been detected
1521169420000	Marionette	INFO	New connections will no longer be accepted
1521169447601	geckodriver	INFO	geckodriver 0.19.1
1521169447617	geckodriver	INFO	Listening on 127.0.0.1:43852
1521169450728	mozrunner::runner	INFO	Running command: "C:\\Program Files\\Mozilla Firefox\\firefox.exe" "-marionette" "-profile" "C:\\Users\\MSIGT6~1\\AppData\\Local\\Temp\\rust_mozprofile.vyunNfUy32r4"
1521169452394	addons.xpi	WARN	Error parsing extensions state: [Exception... "Component returned failure code: 0x80520012 (NS_ERROR_FILE_NOT_FOUND) [amIAddonManagerStartup.readStartupData]"  nsresult: "0x80520012 (NS_ERROR_FILE_NOT_FOUND)"  location: "JS frame :: resource://gre/modules/addons/XPIProvider.jsm :: loadExtensionState :: line 1554"  data: no] Stack trace: loadExtensionState()@resource://gre/modules/addons/XPIProvider.jsm:1554 < getInstallState()@resource://gre/modules/addons/XPIProvider.jsm:1589 < checkForChanges()@resource://gre/modules/addons/XPIProvider.jsm:3109 < startup()@resource://gre/modules/addons/XPIProvider.jsm:2188 < callProvider()@resource://gre/modules/AddonManager.jsm:269 < _startProvider()@resource://gre/modules/AddonManager.jsm:739 < startup()@resource://gre/modules/AddonManager.jsm:906 < startup()@resource://gre/modules/AddonManager.jsm:3090 < observe()@jar:file:///C:/Program%20Files/Mozilla%20Firefox/omni.ja!/components/addonManager.js:65
Unable to read VR Path Registry from C:\Users\MSI GT60\AppData\Local\openvr\openvrpaths.vrpath
1521169453511	Marionette	INFO	Enabled via --marionette
Unable to read VR Path Registry from C:\Users\MSI GT60\AppData\Local\openvr\openvrpaths.vrpath
Unable to read VR Path Registry from C:\Users\MSI GT60\AppData\Local\openvr\openvrpaths.vrpath
Unable to read VR Path Registry from C:\Users\MSI GT60\AppData\Local\openvr\openvrpaths.vrpath
[Child 8724] WARNING: pipe error: 109: file z:/build/build/src/ipc/chromium/src/chrome/common/ipc_channel_win.cc, line 346
[Child 8724] WARNING: pipe error: 109: file z:/b1521169456443	Marionette	INFO	Listening on port 43905
Unable to read VR Path Registry from C:\Users\MSI GT60\AppData\Local\openvr\openvrpaths.vrpath
1521169457310	Marionette	WARN	TLS certificate errors will be ignored for this session
1521169457385	Marionette	DEBUG	Register listener.js for window 4294967297
1521169457441	Marionette	DEBUG	Received DOM event "beforeunload" for "about:blank"
1521169457772	Marionette	DEBUG	Received DOM event "pagehide" for "about:blank"
1521169457772	Marionette	DEBUG	Received DOM event "unload" for "about:blank"
JavaScript error: http://s1.bdstatic.com/r/www/cache/static/plugins/every_cookie_4644b13.js, line 4: ReferenceError: c is not defined
1521169459413	Marionette	DEBUG	Received DOM event "DOMContentLoaded" for "http://www.baidu.com/"
1521169459703	Marionette	DEBUG	Received DOM event "pageshow" for "http://www.baidu.com/"
JavaScript error: http://suggestion.baidu.com/su?wd=pyth&json=1&p=3&sid=1450_21101_17001_20719&req=2&csor=4&pwd=pyt&cb=jQuery110207349149550546621_1521169458695&_=1521169458699, line 1: TypeError: jQuery110207349149550546621_1521169458695 is not a function
1521169460430	Marionette	DEBUG	Canceled page load listener because no navigation has been detected
1521169462440	Marionette	INFO	New connections will no longer be accepted
[Parent 12844] WARNING: pipe error: 109: file z:/build/build/src/ipc/chromium/src/chrome/common/ipc_channel_win.cc, line 346
